#
# There is insufficient memory for the Java Runtime Environment to continue.
# Native memory allocation (mmap) failed to map 82313216 bytes for committing reserved memory.
# Possible reasons:
#   The system is out of physical RAM or swap space
#   The process is running with CompressedOops enabled, and the Java Heap may be blocking the growth of the native heap
# Possible solutions:
#   Reduce memory load on the system
#   Increase physical memory or swap space
#   Check if swap backing store is full
#   Decrease Java heap size (-Xmx/-Xms)
#   Decrease number of Java threads
#   Decrease Java thread stack sizes (-Xss)
#   Set larger code cache with -XX:ReservedCodeCacheSize=
#   JVM is running with Zero Based Compressed Oops mode in which the Java heap is
#     placed in the first 32GB address space. The Java Heap base address is the
#     maximum limit for the native heap growth. Please use -XX:HeapBaseMinAddress
#     to set the Java Heap base and to place the Java Heap above 32GB virtual address.
# This output file may be truncated or incomplete.
#
#  Out of Memory Error (os_linux.cpp:2757), pid=21392, tid=0x00007f19d2720700
#
# JRE version: OpenJDK Runtime Environment (8.0_222-b10) (build 1.8.0_222-8u222-b10-1ubuntu1~18.04.1-b10)
# Java VM: OpenJDK 64-Bit Server VM (25.222-b10 mixed mode linux-amd64 compressed oops)
# Failed to write core dump. Core dumps have been disabled. To enable core dumping, try "ulimit -c unlimited" before starting Java again
#

---------------  T H R E A D  ---------------

Current thread (0x00007f19e807c800):  VMThread [stack: 0x00007f19d2621000,0x00007f19d2721000] [id=21399]

Stack: [0x00007f19d2621000,0x00007f19d2721000],  sp=0x00007f19d271f4a0,  free space=1017k
Native frames: (J=compiled Java code, j=interpreted, Vv=VM code, C=native code)
V  [libjvm.so+0xab8992]
V  [libjvm.so+0x4dbfd7]
V  [libjvm.so+0x8f33a0]
V  [libjvm.so+0x8ea46e]
V  [libjvm.so+0x96e106]
V  [libjvm.so+0x96f478]
V  [libjvm.so+0x96ba76]
V  [libjvm.so+0x96be0c]
V  [libjvm.so+0x91a5a8]
V  [libjvm.so+0xaba662]
V  [libjvm.so+0xabf1d6]
V  [libjvm.so+0xabd4d5]
V  [libjvm.so+0xabddad]
V  [libjvm.so+0xabe1b8]
V  [libjvm.so+0x8f0732]

VM_Operation (0x00007f19cb5fa120): ParallelGCFailedAllocation, mode: safepoint, requested by thread 0x00007f19e8a2e000


---------------  P R O C E S S  ---------------

Java Threads: ( => current thread )
  0x00007f19e800e800 JavaThread "DestroyJavaVM" [_thread_blocked, id=21394, stack(0x00007f19f04bc000,0x00007f19f05bc000)]
  0x00007f19e8a37000 JavaThread "http-nio-30026-Acceptor" daemon [_thread_in_native, id=21501, stack(0x00007f19caff8000,0x00007f19cb0f9000)]
  0x00007f19e8a35000 JavaThread "http-nio-30026-ClientPoller" daemon [_thread_blocked, id=21500, stack(0x00007f19cb0f9000,0x00007f19cb1fa000)]
  0x00007f19e8a30800 JavaThread "http-nio-30026-exec-4" daemon [_thread_blocked, id=21499, stack(0x00007f19cb1fa000,0x00007f19cb2fb000)]
  0x00007f19e8a2f000 JavaThread "http-nio-30026-exec-3" daemon [_thread_blocked, id=21498, stack(0x00007f19cb2fb000,0x00007f19cb3fc000)]
  0x00007f19e8a33000 JavaThread "http-nio-30026-exec-2" daemon [_thread_blocked, id=21497, stack(0x00007f19cb3fc000,0x00007f19cb4fd000)]
  0x00007f19e8a2e000 JavaThread "http-nio-30026-exec-1" daemon [_thread_blocked, id=21496, stack(0x00007f19cb4fd000,0x00007f19cb5fe000)]
  0x00007f19e8a2a000 JavaThread "http-nio-30026-BlockPoller" daemon [_thread_blocked, id=21495, stack(0x00007f19cb5fe000,0x00007f19cb6ff000)]
  0x00007f19e8965800 JavaThread "container-0" [_thread_blocked, id=21492, stack(0x00007f19cb8ff000,0x00007f19cba00000)]
  0x00007f19e8963000 JavaThread "Catalina-utility-2" [_thread_blocked, id=21491, stack(0x00007f19d0090000,0x00007f19d0191000)]
  0x00007f19e8958000 JavaThread "Catalina-utility-1" [_thread_blocked, id=21490, stack(0x00007f19d0ffa000,0x00007f19d10fb000)]
  0x00007f19e80c4800 JavaThread "Service Thread" daemon [_thread_blocked, id=21406, stack(0x00007f19d154a000,0x00007f19d164b000)]
  0x00007f19e80c1800 JavaThread "C1 CompilerThread2" daemon [_thread_blocked, id=21405, stack(0x00007f19d164c000,0x00007f19d174c000)]
  0x00007f19e80bf800 JavaThread "C2 CompilerThread1" daemon [_thread_blocked, id=21404, stack(0x00007f19d174d000,0x00007f19d184d000)]
  0x00007f19e80bd000 JavaThread "C2 CompilerThread0" daemon [_thread_blocked, id=21403, stack(0x00007f19d184e000,0x00007f19d194e000)]
  0x00007f19e80bb000 JavaThread "Signal Dispatcher" daemon [_thread_blocked, id=21402, stack(0x00007f19d194e000,0x00007f19d1a4f000)]
  0x00007f19e8088800 JavaThread "Finalizer" daemon [_thread_blocked, id=21401, stack(0x00007f19d241e000,0x00007f19d251f000)]
  0x00007f19e8086000 JavaThread "Reference Handler" daemon [_thread_blocked, id=21400, stack(0x00007f19d251f000,0x00007f19d2620000)]

Other Threads:
=>0x00007f19e807c800 VMThread [stack: 0x00007f19d2621000,0x00007f19d2721000] [id=21399]
  0x00007f19e80c7000 WatcherThread [stack: 0x00007f19d144a000,0x00007f19d154a000] [id=21407]

VM state:at safepoint (normal execution)

VM Mutex/Monitor currently owned by a thread:  ([mutex/lock_event])
[0x00007f19e800b150] Threads_lock - owner thread: 0x00007f19e807c800
[0x00007f19e800b650] Heap_lock - owner thread: 0x00007f19e8a2e000

heap address: 0x00000006c7800000, size: 3976 MB, Compressed Oops mode: Zero based, Oop shift amount: 3
Narrow klass base: 0x0000000000000000, Narrow klass shift: 3
Compressed class space size: 1073741824 Address: 0x00000007c0000000

Heap:
 PSYoungGen      total 159232K, used 5693K [0x000000076d300000, 0x0000000777980000, 0x00000007c0000000)
  eden space 147968K, 0% used [0x000000076d300000,0x000000076d300000,0x0000000776380000)
  from space 11264K, 50% used [0x0000000776380000,0x000000077690f498,0x0000000776e80000)
  to   space 6144K, 0% used [0x0000000777380000,0x0000000777380000,0x0000000777980000)
 ParOldGen       total 109568K, used 7253K [0x00000006c7800000, 0x00000006ce300000, 0x000000076d300000)
  object space 109568K, 6% used [0x00000006c7800000,0x00000006c7f15798,0x00000006ce300000)
 Metaspace       used 27663K, capacity 29346K, committed 29568K, reserved 1075200K
  class space    used 3658K, capacity 3957K, committed 3968K, reserved 1048576K

Card table byte_map: [0x00007f19ec28b000,0x00007f19eca50000] byte_map_base: 0x00007f19e8c4f000

Marking Bits: (ParMarkBitMap*) 0x00007f19ef74f360
 Begin Bits: [0x00007f19b43c0000, 0x00007f19b81e0000)
 End Bits:   [0x00007f19b81e0000, 0x00007f19bc000000)

Polling page: 0x00007f19f05d0000

CodeCache: size=245760Kb used=5547Kb max_used=5591Kb free=240212Kb
 bounds [0x00007f19d9000000, 0x00007f19d9580000, 0x00007f19e8000000]
 total_blobs=3200 nmethods=2789 adapters=325
 compilation: enabled

Compilation events (10 events):
Event: 169,640 Thread 0x00007f19e80c1800 nmethod 2853 0x00007f19d9125610 code [0x00007f19d9125800, 0x00007f19d9125d38]
Event: 170,220 Thread 0x00007f19e80c1800 2854       1       java.util.concurrent.locks.LockSupport::parkNanos (29 bytes)
Event: 170,220 Thread 0x00007f19e80c1800 nmethod 2854 0x00007f19d9430350 code [0x00007f19d94304c0, 0x00007f19d9430668]
Event: 170,256 Thread 0x00007f19e80c1800 2855       1       java.util.concurrent.locks.AbstractQueuedSynchronizer$ConditionObject::doSignal (43 bytes)
Event: 170,256 Thread 0x00007f19e80c1800 nmethod 2855 0x00007f19d9398dd0 code [0x00007f19d9398f40, 0x00007f19d9399128]
Event: 170,256 Thread 0x00007f19e80c1800 2856       1       java.util.concurrent.locks.AbstractQueuedSynchronizer::transferForSignal (45 bytes)
Event: 170,257 Thread 0x00007f19e80c1800 nmethod 2856 0x00007f19d936a950 code [0x00007f19d936aac0, 0x00007f19d936acb8]
Event: 171,220 Thread 0x00007f19e80c1800 2857       1       java.util.concurrent.locks.AbstractQueuedSynchronizer$ConditionObject::awaitNanos (156 bytes)
Event: 171,222 Thread 0x00007f19e80c1800 nmethod 2857 0x00007f19d94fc010 code [0x00007f19d94fc240, 0x00007f19d94fc9f8]
Event: 184,509 Thread 0x00007f19e80c1800 2859       1       java.util.concurrent.locks.ReentrantReadWriteLock$Sync::exclusiveCount (5 bytes)

GC Heap History (10 events):
Event: 104,394 GC heap after
Heap after GC invocations=5 (full 1):
 PSYoungGen      total 97280K, used 8287K [0x000000076d300000, 0x0000000776380000, 0x00000007c0000000)
  eden space 88576K, 0% used [0x000000076d300000,0x000000076d300000,0x0000000772980000)
  from space 8704K, 95% used [0x0000000775b00000,0x0000000776317f50,0x0000000776380000)
  to   space 10240K, 0% used [0x0000000774f80000,0x0000000774f80000,0x0000000775980000)
 ParOldGen       total 109568K, used 7245K [0x00000006c7800000, 0x00000006ce300000, 0x000000076d300000)
  object space 109568K, 6% used [0x00000006c7800000,0x00000006c7f13798,0x00000006ce300000)
 Metaspace       used 26379K, capacity 27996K, committed 28160K, reserved 1073152K
  class space    used 3500K, capacity 3812K, committed 3840K, reserved 1048576K
}
Event: 115,597 GC heap before
{Heap before GC invocations=6 (full 1):
 PSYoungGen      total 97280K, used 96743K [0x000000076d300000, 0x0000000776380000, 0x00000007c0000000)
  eden space 88576K, 99% used [0x000000076d300000,0x0000000772961f20,0x0000000772980000)
  from space 8704K, 95% used [0x0000000775b00000,0x0000000776317f50,0x0000000776380000)
  to   space 10240K, 0% used [0x0000000774f80000,0x0000000774f80000,0x0000000775980000)
 ParOldGen       total 109568K, used 7245K [0x00000006c7800000, 0x00000006ce300000, 0x000000076d300000)
  object space 109568K, 6% used [0x00000006c7800000,0x00000006c7f13798,0x00000006ce300000)
 Metaspace       used 27663K, capacity 29346K, committed 29568K, reserved 1075200K
  class space    used 3658K, capacity 3957K, committed 3968K, reserved 1048576K
Event: 115,652 GC heap after
Heap after GC invocations=6 (full 1):
 PSYoungGen      total 125440K, used 6438K [0x000000076d300000, 0x0000000775d00000, 0x00000007c0000000)
  eden space 118784K, 0% used [0x000000076d300000,0x000000076d300000,0x0000000774700000)
  from space 6656K, 96% used [0x0000000774f80000,0x00000007755c9b38,0x0000000775600000)
  to   space 7168K, 0% used [0x0000000775600000,0x0000000775600000,0x0000000775d00000)
 ParOldGen       total 109568K, used 7253K [0x00000006c7800000, 0x00000006ce300000, 0x000000076d300000)
  object space 109568K, 6% used [0x00000006c7800000,0x00000006c7f15798,0x00000006ce300000)
 Metaspace       used 27663K, capacity 29346K, committed 29568K, reserved 1075200K
  class space    used 3658K, capacity 3957K, committed 3968K, reserved 1048576K
}
Event: 130,188 GC heap before
{Heap before GC invocations=7 (full 1):
 PSYoungGen      total 125440K, used 125222K [0x000000076d300000, 0x0000000775d00000, 0x00000007c0000000)
  eden space 118784K, 100% used [0x000000076d300000,0x0000000774700000,0x0000000774700000)
  from space 6656K, 96% used [0x0000000774f80000,0x00000007755c9b38,0x0000000775600000)
  to   space 7168K, 0% used [0x0000000775600000,0x0000000775600000,0x0000000775d00000)
 ParOldGen       total 109568K, used 7253K [0x00000006c7800000, 0x00000006ce300000, 0x000000076d300000)
  object space 109568K, 6% used [0x00000006c7800000,0x00000006c7f15798,0x00000006ce300000)
 Metaspace       used 27663K, capacity 29346K, committed 29568K, reserved 1075200K
  class space    used 3658K, capacity 3957K, committed 3968K, reserved 1048576K
Event: 130,214 GC heap after
Heap after GC invocations=7 (full 1):
 PSYoungGen      total 130048K, used 5973K [0x000000076d300000, 0x0000000777e80000, 0x00000007c0000000)
  eden space 122880K, 0% used [0x000000076d300000,0x000000076d300000,0x0000000774b00000)
  from space 7168K, 83% used [0x0000000775600000,0x0000000775bd5670,0x0000000775d00000)
  to   space 11264K, 0% used [0x0000000774b00000,0x0000000774b00000,0x0000000775600000)
 ParOldGen       total 109568K, used 7253K [0x00000006c7800000, 0x00000006ce300000, 0x000000076d300000)
  object space 109568K, 6% used [0x00000006c7800000,0x00000006c7f15798,0x00000006ce300000)
 Metaspace       used 27663K, capacity 29346K, committed 29568K, reserved 1075200K
  class space    used 3658K, capacity 3957K, committed 3968K, reserved 1048576K
}
Event: 146,023 GC heap before
{Heap before GC invocations=8 (full 1):
 PSYoungGen      total 130048K, used 128853K [0x000000076d300000, 0x0000000777e80000, 0x00000007c0000000)
  eden space 122880K, 100% used [0x000000076d300000,0x0000000774b00000,0x0000000774b00000)
  from space 7168K, 83% used [0x0000000775600000,0x0000000775bd5670,0x0000000775d00000)
  to   space 11264K, 0% used [0x0000000774b00000,0x0000000774b00000,0x0000000775600000)
 ParOldGen       total 109568K, used 7253K [0x00000006c7800000, 0x00000006ce300000, 0x000000076d300000)
  object space 109568K, 6% used [0x00000006c7800000,0x00000006c7f15798,0x00000006ce300000)
 Metaspace       used 27663K, capacity 29346K, committed 29568K, reserved 1075200K
  class space    used 3658K, capacity 3957K, committed 3968K, reserved 1048576K
Event: 146,044 GC heap after
Heap after GC invocations=8 (full 1):
 PSYoungGen      total 134144K, used 5629K [0x000000076d300000, 0x0000000777e80000, 0x00000007c0000000)
  eden space 122880K, 0% used [0x000000076d300000,0x000000076d300000,0x0000000774b00000)
  from space 11264K, 49% used [0x0000000774b00000,0x000000077507f4a0,0x0000000775600000)
  to   space 11264K, 0% used [0x0000000777380000,0x0000000777380000,0x0000000777e80000)
 ParOldGen       total 109568K, used 7253K [0x00000006c7800000, 0x00000006ce300000, 0x000000076d300000)
  object space 109568K, 6% used [0x00000006c7800000,0x00000006c7f15798,0x00000006ce300000)
 Metaspace       used 27663K, capacity 29346K, committed 29568K, reserved 1075200K
  class space    used 3658K, capacity 3957K, committed 3968K, reserved 1048576K
}
Event: 160,099 GC heap before
{Heap before GC invocations=9 (full 1):
 PSYoungGen      total 134144K, used 128509K [0x000000076d300000, 0x0000000777e80000, 0x00000007c0000000)
  eden space 122880K, 100% used [0x000000076d300000,0x0000000774b00000,0x0000000774b00000)
  from space 11264K, 49% used [0x0000000774b00000,0x000000077507f4a0,0x0000000775600000)
  to   space 11264K, 0% used [0x0000000777380000,0x0000000777380000,0x0000000777e80000)
 ParOldGen       total 109568K, used 7253K [0x00000006c7800000, 0x00000006ce300000, 0x000000076d300000)
  object space 109568K, 6% used [0x00000006c7800000,0x00000006c7f15798,0x00000006ce300000)
 Metaspace       used 27663K, capacity 29346K, committed 29568K, reserved 1075200K
  class space    used 3658K, capacity 3957K, committed 3968K, reserved 1048576K
Event: 160,112 GC heap after
Heap after GC invocations=9 (full 1):
 PSYoungGen      total 154112K, used 5540K [0x000000076d300000, 0x0000000777980000, 0x00000007c0000000)
  eden space 147968K, 0% used [0x000000076d300000,0x000000076d300000,0x0000000776380000)
  from space 6144K, 90% used [0x0000000777380000,0x00000007778e9278,0x0000000777980000)
  to   space 11264K, 0% used [0x0000000776380000,0x0000000776380000,0x0000000776e80000)
 ParOldGen       total 109568K, used 7253K [0x00000006c7800000, 0x00000006ce300000, 0x000000076d300000)
  object space 109568K, 6% used [0x00000006c7800000,0x00000006c7f15798,0x00000006ce300000)
 Metaspace       used 27663K, capacity 29346K, committed 29568K, reserved 1075200K
  class space    used 3658K, capacity 3957K, committed 3968K, reserved 1048576K
}
Event: 190,263 GC heap before
{Heap before GC invocations=10 (full 1):
 PSYoungGen      total 154112K, used 153508K [0x000000076d300000, 0x0000000777980000, 0x00000007c0000000)
  eden space 147968K, 100% used [0x000000076d300000,0x0000000776380000,0x0000000776380000)
  from space 6144K, 90% used [0x0000000777380000,0x00000007778e9278,0x0000000777980000)
  to   space 11264K, 0% used [0x0000000776380000,0x0000000776380000,0x0000000776e80000)
 ParOldGen       total 109568K, used 7253K [0x00000006c7800000, 0x00000006ce300000, 0x000000076d300000)
  object space 109568K, 6% used [0x00000006c7800000,0x00000006c7f15798,0x00000006ce300000)
 Metaspace       used 27663K, capacity 29346K, committed 29568K, reserved 1075200K
  class space    used 3658K, capacity 3957K, committed 3968K, reserved 1048576K

Deoptimization events (0 events):
No events

Classes redefined (0 events):
No events

Internal exceptions (10 events):
Event: 11,503 Thread 0x00007f19e800e800 Exception <a 'java/lang/ArrayIndexOutOfBoundsException'> (0x0000000770666270) thrown at [/build/openjdk-8-OqY7zN/openjdk-8-8u222-b10/src/hotspot/src/share/vm/runtime/sharedRuntime.cpp, line 605]
Event: 11,503 Thread 0x00007f19e800e800 Exception <a 'java/lang/ArrayIndexOutOfBoundsException'> (0x0000000770668d10) thrown at [/build/openjdk-8-OqY7zN/openjdk-8-8u222-b10/src/hotspot/src/share/vm/runtime/sharedRuntime.cpp, line 605]
Event: 11,504 Thread 0x00007f19e800e800 Exception <a 'java/lang/ArrayIndexOutOfBoundsException'> (0x000000077066b138) thrown at [/build/openjdk-8-OqY7zN/openjdk-8-8u222-b10/src/hotspot/src/share/vm/runtime/sharedRuntime.cpp, line 605]
Event: 11,504 Thread 0x00007f19e800e800 Exception <a 'java/lang/ArrayIndexOutOfBoundsException'> (0x000000077066c090) thrown at [/build/openjdk-8-OqY7zN/openjdk-8-8u222-b10/src/hotspot/src/share/vm/runtime/sharedRuntime.cpp, line 605]
Event: 11,504 Thread 0x00007f19e800e800 Exception <a 'java/lang/ArrayIndexOutOfBoundsException'> (0x000000077066d6b8) thrown at [/build/openjdk-8-OqY7zN/openjdk-8-8u222-b10/src/hotspot/src/share/vm/runtime/sharedRuntime.cpp, line 605]
Event: 11,504 Thread 0x00007f19e800e800 Exception <a 'java/lang/ArrayIndexOutOfBoundsException'> (0x000000077066ed38) thrown at [/build/openjdk-8-OqY7zN/openjdk-8-8u222-b10/src/hotspot/src/share/vm/runtime/sharedRuntime.cpp, line 605]
Event: 11,708 Thread 0x00007f19e800e800 Exception <a 'java/lang/IncompatibleClassChangeError': Found class java.lang.Object, but interface was expected> (0x0000000770890f18) thrown at [/build/openjdk-8-OqY7zN/openjdk-8-8u222-b10/src/hotspot/src/share/vm/interpreter/linkResolver.cpp, line 653]
Event: 11,944 Thread 0x00007f19e800e800 Exception <a 'java/lang/ArrayIndexOutOfBoundsException'> (0x0000000770b5ed18) thrown at [/build/openjdk-8-OqY7zN/openjdk-8-8u222-b10/src/hotspot/src/share/vm/runtime/sharedRuntime.cpp, line 605]
Event: 12,036 Thread 0x00007f19e800e800 Exception <a 'java/lang/ArrayIndexOutOfBoundsException'> (0x0000000770c30688) thrown at [/build/openjdk-8-OqY7zN/openjdk-8-8u222-b10/src/hotspot/src/share/vm/runtime/sharedRuntime.cpp, line 605]
Event: 12,037 Thread 0x00007f19e800e800 Exception <a 'java/lang/ArrayIndexOutOfBoundsException'> (0x0000000770c388c0) thrown at [/build/openjdk-8-OqY7zN/openjdk-8-8u222-b10/src/hotspot/src/share/vm/runtime/sharedRuntime.cpp, line 605]

Events (10 events):
Event: 170,256 Thread 0x00007f19e80c1800 flushing nmethod 0x00007f19d94b37d0
Event: 170,256 Thread 0x00007f19e80c1800 flushing nmethod 0x00007f19d94b5b50
Event: 170,256 Thread 0x00007f19e80c1800 flushing nmethod 0x00007f19d94fbc50
Event: 170,256 Thread 0x00007f19e80c1800 flushing nmethod 0x00007f19d94fcc10
Event: 170,256 Thread 0x00007f19e80c1800 flushing nmethod 0x00007f19d94ff790
Event: 170,256 Thread 0x00007f19e80c1800 flushing nmethod 0x00007f19d9500090
Event: 170,256 Thread 0x00007f19e80c1800 flushing nmethod 0x00007f19d9500e90
Event: 170,256 Thread 0x00007f19e80c1800 flushing nmethod 0x00007f19d951dad0
Event: 170,257 Thread 0x00007f19e80c1800 flushing nmethod 0x00007f19d95279d0
Event: 183,881 Executing VM operation: ParallelGCFailedAllocation


Dynamic libraries:
6c7800000-6ce300000 rw-p 00000000 00:00 0 
6ce300000-76d300000 ---p 00000000 00:00 0 
76d300000-777980000 rw-p 00000000 00:00 0 
77c800000-7c0000000 ---p 00000000 00:00 0 
7c0000000-7c03e0000 rw-p 00000000 00:00 0 
7c03e0000-800000000 ---p 00000000 00:00 0 
55ff2a7d9000-55ff2a7da000 r-xp 00000000 08:01 17042493                   /usr/lib/jvm/java-8-openjdk-amd64/jre/bin/java
55ff2a9d9000-55ff2a9da000 r--p 00000000 08:01 17042493                   /usr/lib/jvm/java-8-openjdk-amd64/jre/bin/java
55ff2a9da000-55ff2a9db000 rw-p 00001000 08:01 17042493                   /usr/lib/jvm/java-8-openjdk-amd64/jre/bin/java
55ff2b481000-55ff2b4a2000 rw-p 00000000 00:00 0                          [heap]
7f1968000000-7f1968021000 rw-p 00000000 00:00 0 
7f1968021000-7f196c000000 ---p 00000000 00:00 0 
7f196c000000-7f196c021000 rw-p 00000000 00:00 0 
7f196c021000-7f1970000000 ---p 00000000 00:00 0 
7f1970000000-7f1970021000 rw-p 00000000 00:00 0 
7f1970021000-7f1974000000 ---p 00000000 00:00 0 
7f1974000000-7f1974021000 rw-p 00000000 00:00 0 
7f1974021000-7f1978000000 ---p 00000000 00:00 0 
7f1978000000-7f1978062000 rw-p 00000000 00:00 0 
7f1978062000-7f197c000000 ---p 00000000 00:00 0 
7f197c000000-7f197c021000 rw-p 00000000 00:00 0 
7f197c021000-7f1980000000 ---p 00000000 00:00 0 
7f1980000000-7f1980021000 rw-p 00000000 00:00 0 
7f1980021000-7f1984000000 ---p 00000000 00:00 0 
7f1984000000-7f1984021000 rw-p 00000000 00:00 0 
7f1984021000-7f1988000000 ---p 00000000 00:00 0 
7f1988000000-7f19882c8000 rw-p 00000000 00:00 0 
7f19882c8000-7f198c000000 ---p 00000000 00:00 0 
7f198c000000-7f198c021000 rw-p 00000000 00:00 0 
7f198c021000-7f1990000000 ---p 00000000 00:00 0 
7f1990000000-7f1990021000 rw-p 00000000 00:00 0 
7f1990021000-7f1994000000 ---p 00000000 00:00 0 
7f1994000000-7f1994021000 rw-p 00000000 00:00 0 
7f1994021000-7f1998000000 ---p 00000000 00:00 0 
7f1998000000-7f1998021000 rw-p 00000000 00:00 0 
7f1998021000-7f199c000000 ---p 00000000 00:00 0 
7f199c000000-7f199c424000 rw-p 00000000 00:00 0 
7f199c424000-7f19a0000000 ---p 00000000 00:00 0 
7f19a0000000-7f19a0021000 rw-p 00000000 00:00 0 
7f19a0021000-7f19a4000000 ---p 00000000 00:00 0 
7f19a4000000-7f19a4056000 rw-p 00000000 00:00 0 
7f19a4056000-7f19a8000000 ---p 00000000 00:00 0 
7f19a8000000-7f19a8021000 rw-p 00000000 00:00 0 
7f19a8021000-7f19ac000000 ---p 00000000 00:00 0 
7f19ac000000-7f19ac021000 rw-p 00000000 00:00 0 
7f19ac021000-7f19b0000000 ---p 00000000 00:00 0 
7f19b0000000-7f19b0022000 rw-p 00000000 00:00 0 
7f19b0022000-7f19b4000000 ---p 00000000 00:00 0 
7f19b43c0000-7f19bc000000 rw-p 00000000 00:00 0 
7f19bc000000-7f19bc021000 rw-p 00000000 00:00 0 
7f19bc021000-7f19c0000000 ---p 00000000 00:00 0 
7f19c4000000-7f19c4021000 rw-p 00000000 00:00 0 
7f19c4021000-7f19c8000000 ---p 00000000 00:00 0 
7f19cadf8000-7f19caef8000 rw-p 00000000 00:00 0 
7f19caef8000-7f19caff8000 ---p 00000000 00:00 0 
7f19caff8000-7f19caffb000 ---p 00000000 00:00 0 
7f19caffb000-7f19cb0f9000 rw-p 00000000 00:00 0 
7f19cb0f9000-7f19cb0fc000 ---p 00000000 00:00 0 
7f19cb0fc000-7f19cb1fa000 rw-p 00000000 00:00 0 
7f19cb1fa000-7f19cb1fd000 ---p 00000000 00:00 0 
7f19cb1fd000-7f19cb2fb000 rw-p 00000000 00:00 0 
7f19cb2fb000-7f19cb2fe000 ---p 00000000 00:00 0 
7f19cb2fe000-7f19cb3fc000 rw-p 00000000 00:00 0 
7f19cb3fc000-7f19cb3ff000 ---p 00000000 00:00 0 
7f19cb3ff000-7f19cb4fd000 rw-p 00000000 00:00 0 
7f19cb4fd000-7f19cb500000 ---p 00000000 00:00 0 
7f19cb500000-7f19cb5fe000 rw-p 00000000 00:00 0 
7f19cb5fe000-7f19cb601000 ---p 00000000 00:00 0 
7f19cb601000-7f19cb8ff000 rw-p 00000000 00:00 0 
7f19cb8ff000-7f19cb902000 ---p 00000000 00:00 0 
7f19cb902000-7f19cbc00000 rw-p 00000000 00:00 0 
7f19cbc00000-7f19cbe00000 rw-p 00000000 00:00 0 
7f19cbe00000-7f19cc000000 rw-p 00000000 00:00 0 
7f19cc000000-7f19cc021000 rw-p 00000000 00:00 0 
7f19cc021000-7f19d0000000 ---p 00000000 00:00 0 
7f19d0090000-7f19d0093000 ---p 00000000 00:00 0 
7f19d0093000-7f19d0191000 rw-p 00000000 00:00 0 
7f19d0191000-7f19d0196000 r--s 000a3000 08:01 17046189                   /usr/lib/jvm/java-8-openjdk-amd64/jre/lib/jsse.jar
7f19d0196000-7f19d01a7000 r-xp 00000000 08:01 17045209                   /usr/lib/jvm/java-8-openjdk-amd64/jre/lib/amd64/libnio.so
7f19d01a7000-7f19d03a6000 ---p 00011000 08:01 17045209                   /usr/lib/jvm/java-8-openjdk-amd64/jre/lib/amd64/libnio.so
7f19d03a6000-7f19d03a7000 r--p 00010000 08:01 17045209                   /usr/lib/jvm/java-8-openjdk-amd64/jre/lib/amd64/libnio.so
7f19d03a7000-7f19d03a8000 rw-p 00011000 08:01 17045209                   /usr/lib/jvm/java-8-openjdk-amd64/jre/lib/amd64/libnio.so
7f19d03a8000-7f19d05a8000 rw-p 00000000 00:00 0 
7f19d05a8000-7f19d07a8000 rw-p 00000000 00:00 0 
7f19d07a8000-7f19d09a8000 rw-p 00000000 00:00 0 
7f19d09a8000-7f19d09d9000 rw-p 00000000 00:00 0 
7f19d09d9000-7f19d09ef000 r-xp 00000000 08:01 17045182                   /usr/lib/jvm/java-8-openjdk-amd64/jre/lib/amd64/libnet.so
7f19d09ef000-7f19d0bee000 ---p 00016000 08:01 17045182                   /usr/lib/jvm/java-8-openjdk-amd64/jre/lib/amd64/libnet.so
7f19d0bee000-7f19d0bef000 r--p 00015000 08:01 17045182                   /usr/lib/jvm/java-8-openjdk-amd64/jre/lib/amd64/libnet.so
7f19d0bef000-7f19d0bf0000 rw-p 00016000 08:01 17045182                   /usr/lib/jvm/java-8-openjdk-amd64/jre/lib/amd64/libnet.so
7f19d0bf0000-7f19d0bf9000 r-xp 00000000 08:01 17043039                   /usr/lib/jvm/java-8-openjdk-amd64/jre/lib/amd64/libmanagement.so
7f19d0bf9000-7f19d0df8000 ---p 00009000 08:01 17043039                   /usr/lib/jvm/java-8-openjdk-amd64/jre/lib/amd64/libmanagement.so
7f19d0df8000-7f19d0df9000 r--p 00008000 08:01 17043039                   /usr/lib/jvm/java-8-openjdk-amd64/jre/lib/amd64/libmanagement.so
7f19d0df9000-7f19d0dfa000 rw-p 00009000 08:01 17043039                   /usr/lib/jvm/java-8-openjdk-amd64/jre/lib/amd64/libmanagement.so
7f19d0dfa000-7f19d0ffa000 rw-p 00000000 00:00 0 
7f19d0ffa000-7f19d0ffd000 ---p 00000000 00:00 0 
7f19d0ffd000-7f19d10fb000 rw-p 00000000 00:00 0 
7f19d10fb000-7f19d1102000 r--s 00000000 08:01 17304598                   /usr/lib/x86_64-linux-gnu/gconv/gconv-modules.cache
7f19d1102000-7f19d1128000 r--p 00000000 08:01 18746719                   /usr/share/locale-langpack/fr/LC_MESSAGES/libc.mo
7f19d1128000-7f19d112f000 r--s 0004e000 08:01 4195754                    /home/amal/.m2/repository/commons-codec/commons-codec/1.13/commons-codec-1.13.jar
7f19d112f000-7f19d113c000 r--s 000b1000 08:01 4195752                    /home/amal/.m2/repository/org/apache/httpcomponents/httpclient/4.5.10/httpclient-4.5.10.jar
7f19d113c000-7f19d1143000 r--s 00053000 08:01 4195750                    /home/amal/.m2/repository/org/apache/httpcomponents/httpcore-nio/4.4.12/httpcore-nio-4.4.12.jar
7f19d1143000-7f19d114b000 r--s 00049000 08:01 4195748                    /home/amal/.m2/repository/org/apache/httpcomponents/httpcore/4.4.12/httpcore-4.4.12.jar
7f19d114b000-7f19d114e000 r--s 00029000 08:01 4195746                    /home/amal/.m2/repository/org/apache/httpcomponents/httpasyncclient/4.1.4/httpasyncclient-4.1.4.jar
7f19d114e000-7f19d1150000 r--s 00004000 08:01 4195744                    /home/amal/.m2/repository/org/eclipse/persistence/commonj.sdo/2.1.1/commonj.sdo-2.1.1.jar
7f19d1150000-7f19d1155000 r--s 0001d000 08:01 4195742                    /home/amal/.m2/repository/org/eclipse/persistence/javax.persistence/2.0.5/javax.persistence-2.0.5.jar
7f19d1155000-7f19d11cf000 r--s 007c6000 08:01 4195741                    /home/amal/.m2/repository/org/eclipse/persistence/eclipselink/2.4.2/eclipselink-2.4.2.jar
7f19d11cf000-7f19d11d1000 r--s 00009000 08:01 4195738                    /home/amal/.m2/repository/org/slf4j/slf4j-api/1.7.29/slf4j-api-1.7.29.jar
7f19d11d1000-7f19d11d2000 r--s 0000c000 08:01 4195736                    /home/amal/.m2/repository/org/apache/jena/jena-rdfconnection/3.13.1/jena-rdfconnection-3.13.1.jar
7f19d11d2000-7f19d11d4000 r--s 00004000 08:01 4195734                    /home/amal/.m2/repository/org/apache/jena/jena-dboe-index/3.13.1/jena-dboe-index-3.13.1.jar
7f19d11d4000-7f19d11d7000 r--s 0001e000 08:01 4195732                    /home/amal/.m2/repository/org/apache/jena/jena-dboe-base/3.13.1/jena-dboe-base-3.13.1.jar
7f19d11d7000-7f19d11d9000 r--s 00012000 08:01 4195730                    /home/amal/.m2/repository/org/apache/jena/jena-dboe-transaction/3.13.1/jena-dboe-transaction-3.13.1.jar
7f19d11d9000-7f19d11db000 r--s 00016000 08:01 4195728                    /home/amal/.m2/repository/org/apache/jena/jena-dboe-trans-data/3.13.1/jena-dboe-trans-data-3.13.1.jar
7f19d11db000-7f19d11dd000 r--s 00009000 08:01 4195726                    /home/amal/.m2/repository/org/apache/jena/jena-dboe-storage/3.13.1/jena-dboe-storage-3.13.1.jar
7f19d11dd000-7f19d11e2000 r--s 0003d000 08:01 4195724                    /home/amal/.m2/repository/org/apache/jena/jena-tdb2/3.13.1/jena-tdb2-3.13.1.jar
7f19d11e2000-7f19d11eb000 r--s 00077000 08:01 4195722                    /home/amal/.m2/repository/org/apache/jena/jena-tdb/3.13.1/jena-tdb-3.13.1.jar
7f19d11eb000-7f19d11f4000 r--s 00073000 08:01 4195720                    /home/amal/.m2/repository/org/apache/commons/commons-lang3/3.9/commons-lang3-3.9.jar
7f19d11f4000-7f19d11f6000 r--s 00003000 08:01 4195718                    /home/amal/.m2/repository/org/slf4j/jcl-over-slf4j/1.7.29/jcl-over-slf4j-1.7.29.jar
7f19d11f6000-7f19d11fc000 r--s 00037000 08:01 4195716                    /home/amal/.m2/repository/org/apache/thrift/libthrift/0.12.0/libthrift-0.12.0.jar
7f19d11fc000-7f19d1200000 r--s 00025000 08:01 4195714                    /home/amal/.m2/repository/org/apache/httpcomponents/httpclient-cache/4.5.10/httpclient-cache-4.5.10.jar
7f19d1200000-7f19d1204000 r--s 00031000 08:01 4195712                    /home/amal/.m2/repository/commons-io/commons-io/2.6/commons-io-2.6.jar
7f19d1204000-7f19d1228000 r--s 00171000 08:01 4195710                    /home/amal/.m2/repository/com/github/jsonld-java/jsonld-java/0.12.5/jsonld-java-0.12.5.jar
7f19d1228000-7f19d1263000 r--s 00281000 08:01 4195708                    /home/amal/.m2/repository/org/apache/jena/jena-shaded-guava/3.13.1/jena-shaded-guava-3.13.1.jar
7f19d1263000-7f19d1268000 r--s 00024000 08:01 4195706                    /home/amal/.m2/repository/com/github/andrewoma/dexx/collection/0.7/collection-0.7.jar
7f19d1268000-7f19d1274000 r--s 0008b000 08:01 4195704                    /home/amal/.m2/repository/org/apache/commons/commons-compress/1.19/commons-compress-1.19.jar
7f19d1274000-7f19d1276000 r--s 0000a000 08:01 4195703                    /home/amal/.m2/repository/org/apache/commons/commons-csv/1.7/commons-csv-1.7.jar
7f19d1276000-7f19d127b000 r--s 00032000 08:01 4195700                    /home/amal/.m2/repository/org/apache/jena/jena-base/3.13.1/jena-base-3.13.1.jar
7f19d127b000-7f19d127d000 r--s 0000c000 08:01 4195698                    /home/amal/.m2/repository/commons-cli/commons-cli/1.4/commons-cli-1.4.jar
7f19d127d000-7f19d127f000 r--s 00020000 08:01 4195696                    /home/amal/.m2/repository/org/apache/jena/jena-iri/3.13.1/jena-iri-3.13.1.jar
7f19d127f000-7f19d129f000 r--s 00195000 08:01 4195694                    /home/amal/.m2/repository/org/apache/jena/jena-core/3.13.1/jena-core-3.13.1.jar
7f19d129f000-7f19d12d5000 r--s 002bb000 08:01 4195692                    /home/amal/.m2/repository/org/apache/jena/jena-arq/3.13.1/jena-arq-3.13.1.jar
7f19d12d5000-7f19d12d9000 r--s 0002d000 08:01 4195690                    /home/amal/.m2/repository/org/apache/jena/jena-shacl/3.13.1/jena-shacl-3.13.1.jar
7f19d12d9000-7f19d12da000 r--s 00005000 08:01 4195684                    /home/amal/.m2/repository/org/springframework/spring-jcl/5.2.2.RELEASE/spring-jcl-5.2.2.RELEASE.jar
7f19d12da000-7f19d12f5000 r--s 00143000 08:01 4195683                    /home/amal/.m2/repository/org/springframework/spring-core/5.2.2.RELEASE/spring-core-5.2.2.RELEASE.jar
7f19d12f5000-7f19d12fa000 r--s 00040000 08:01 4195629                    /home/amal/.m2/repository/org/springframework/spring-expression/5.2.2.RELEASE/spring-expression-5.2.2.RELEASE.jar
7f19d12fa000-7f19d1316000 r--s 0010e000 08:01 4195627                    /home/amal/.m2/repository/org/springframework/spring-context/5.2.2.RELEASE/spring-context-5.2.2.RELEASE.jar
7f19d1316000-7f19d131f000 r--s 00052000 08:01 4195623                    /home/amal/.m2/repository/org/springframework/spring-aop/5.2.2.RELEASE/spring-aop-5.2.2.RELEASE.jar
7f19d131f000-7f19d1331000 r--s 000d5000 08:01 4195624                    /home/amal/.m2/repository/org/springframework/spring-webmvc/5.2.2.RELEASE/spring-webmvc-5.2.2.RELEASE.jar
7f19d1331000-7f19d133e000 r--s 0009b000 08:01 4195620                    /home/amal/.m2/repository/org/springframework/spring-beans/5.2.2.RELEASE/spring-beans-5.2.2.RELEASE.jar
7f19d133e000-7f19d135b000 r--s 0013f000 08:01 4195618                    /home/amal/.m2/repository/org/springframework/spring-web/5.2.2.RELEASE/spring-web-5.2.2.RELEASE.jar
7f19d135b000-7f19d135d000 r--s 0000f000 08:01 4195617                    /home/amal/.m2/repository/com/fasterxml/classmate/1.5.1/classmate-1.5.1.jar
7f19d135d000-7f19d135f000 r--s 0000d000 08:01 4195614                    /home/amal/.m2/repository/org/jboss/logging/jboss-logging/3.4.1.Final/jboss-logging-3.4.1.Final.jar
7f19d135f000-7f19d137c000 r--s 000fe000 08:01 4195613                    /home/amal/.m2/repository/org/hibernate/validator/hibernate-validator/6.0.18.Final/hibernate-validator-6.0.18.Final.jar
7f19d137c000-7f19d1381000 r--s 00012000 08:01 4195611                    /home/amal/.m2/repository/jakarta/validation/jakarta.validation-api/2.0.1/jakarta.validation-api-2.0.1.jar
7f19d1381000-7f19d1382000 r--s 00000000 08:01 4195608                    /home/amal/.m2/repository/org/springframework/boot/spring-boot-starter-validation/2.2.2.RELEASE/spring-boot-starter-validation-2.2.2.RELEASE.jar
7f19d1382000-7f19d1387000 r--s 0003c000 08:01 4195606                    /home/amal/.m2/repository/org/apache/tomcat/embed/tomcat-embed-websocket/9.0.29/tomcat-embed-websocket-9.0.29.jar
7f19d1387000-7f19d138c000 r--s 0003a000 08:01 4195605                    /home/amal/.m2/repository/org/apache/tomcat/embed/tomcat-embed-el/9.0.29/tomcat-embed-el-9.0.29.jar
7f19d138c000-7f19d13b8000 r--s 0030c000 08:01 4195604                    /home/amal/.m2/repository/org/apache/tomcat/embed/tomcat-embed-core/9.0.29/tomcat-embed-core-9.0.29.jar
7f19d13b8000-7f19d13b9000 r--s 00000000 08:01 4195600                    /home/amal/.m2/repository/org/springframework/boot/spring-boot-starter-tomcat/2.2.2.RELEASE/spring-boot-starter-tomcat-2.2.2.RELEASE.jar
7f19d13b9000-7f19d13bb000 r--s 00001000 08:01 4195599                    /home/amal/.m2/repository/com/fasterxml/jackson/module/jackson-module-parameter-names/2.10.1/jackson-module-parameter-names-2.10.1.jar
7f19d13bb000-7f19d13be000 r--s 00017000 08:01 4195596                    /home/amal/.m2/repository/com/fasterxml/jackson/datatype/jackson-datatype-jsr310/2.10.1/jackson-datatype-jsr310-2.10.1.jar
7f19d13be000-7f19d13c0000 r--s 00007000 08:01 4195595                    /home/amal/.m2/repository/com/fasterxml/jackson/datatype/jackson-datatype-jdk8/2.10.1/jackson-datatype-jdk8-2.10.1.jar
7f19d13c0000-7f19d13c5000 r--s 00051000 08:01 4195592                    /home/amal/.m2/repository/com/fasterxml/jackson/core/jackson-core/2.10.1/jackson-core-2.10.1.jar
7f19d13c5000-7f19d13c8000 r--s 0000e000 08:01 4195590                    /home/amal/.m2/repository/com/fasterxml/jackson/core/jackson-annotations/2.10.1/jackson-annotations-2.10.1.jar
7f19d13c8000-7f19d13dd000 r--s 00142000 08:01 4195588                    /home/amal/.m2/repository/com/fasterxml/jackson/core/jackson-databind/2.10.1/jackson-databind-2.10.1.jar
7f19d13dd000-7f19d13e4000 r--s 00044000 08:01 4195584                    /home/amal/.m2/repository/org/yaml/snakeyaml/1.25/snakeyaml-1.25.jar
7f19d13e4000-7f19d13e6000 r--s 00005000 08:01 4195583                    /home/amal/.m2/repository/jakarta/annotation/jakarta.annotation-api/1.3.5/jakarta.annotation-api-1.3.5.jar
7f19d13e6000-7f19d13ec000 r--s 0003e000 08:01 4195578                    /home/amal/.m2/repository/org/apache/logging/log4j/log4j-api/2.12.1/log4j-api-2.12.1.jar
7f19d13ec000-7f19d1413000 r--s 0012c000 08:01 4195569                    /home/amal/.m2/repository/org/springframework/boot/spring-boot-autoconfigure/2.2.2.RELEASE/spring-boot-autoconfigure-2.2.2.RELEASE.jar
7f19d1413000-7f19d142e000 r--s 001d6000 08:01 17045399                   /usr/lib/jvm/java-8-openjdk-amd64/jre/lib/ext/nashorn.jar
7f19d142e000-7f19d1449000 r--s 00394000 08:01 17045394                   /usr/lib/jvm/java-8-openjdk-amd64/jre/lib/ext/cldrdata.jar
7f19d1449000-7f19d144a000 ---p 00000000 00:00 0 
7f19d144a000-7f19d154a000 rw-p 00000000 00:00 0 
7f19d154a000-7f19d154d000 ---p 00000000 00:00 0 
7f19d154d000-7f19d164b000 rw-p 00000000 00:00 0 
7f19d164b000-7f19d164c000 ---p 00000000 00:00 0 
7f19d164c000-7f19d164f000 ---p 00000000 00:00 0 
7f19d164f000-7f19d174c000 rw-p 00000000 00:00 0 
7f19d174c000-7f19d174d000 ---p 00000000 00:00 0 
7f19d174d000-7f19d1750000 ---p 00000000 00:00 0 
7f19d1750000-7f19d184d000 rw-p 00000000 00:00 0 
7f19d184d000-7f19d184e000 ---p 00000000 00:00 0 
7f19d184e000-7f19d1851000 ---p 00000000 00:00 0 
7f19d1851000-7f19d194e000 rw-p 00000000 00:00 0 
7f19d194e000-7f19d1951000 ---p 00000000 00:00 0 
7f19d1951000-7f19d1a4f000 rw-p 00000000 00:00 0 
7f19d1a4f000-7f19d241e000 r--p 00000000 08:01 17046025                   /usr/lib/locale/locale-archive
7f19d241e000-7f19d2421000 ---p 00000000 00:00 0 
7f19d2421000-7f19d251f000 rw-p 00000000 00:00 0 
7f19d251f000-7f19d2522000 ---p 00000000 00:00 0 
7f19d2522000-7f19d2620000 rw-p 00000000 00:00 0 
7f19d2620000-7f19d2621000 ---p 00000000 00:00 0 
7f19d2621000-7f19d3630000 rw-p 00000000 00:00 0 
7f19d3630000-7f19d3800000 r--s 03c5c000 08:01 17048341                   /usr/lib/jvm/java-8-openjdk-amd64/jre/lib/rt.jar
7f19d3800000-7f19d4000000 rw-p 00000000 00:00 0 
7f19d4000000-7f19d4021000 rw-p 00000000 00:00 0 
7f19d4021000-7f19d8000000 ---p 00000000 00:00 0 
7f19d8000000-7f19d8002000 r--s 00000000 08:01 4195580                    /home/amal/.m2/repository/org/slf4j/jul-to-slf4j/1.7.29/jul-to-slf4j-1.7.29.jar
7f19d8002000-7f19d8019000 r--s 000e8000 08:01 4195571                    /home/amal/.m2/repository/org/springframework/boot/spring-boot/2.2.2.RELEASE/spring-boot-2.2.2.RELEASE.jar
7f19d8019000-7f19d88d0000 rw-p 00000000 00:00 0 
7f19d88d0000-7f19d88d1000 ---p 00000000 00:00 0 
7f19d88d1000-7f19d89d1000 rw-p 00000000 00:00 0 
7f19d89d1000-7f19d89d2000 ---p 00000000 00:00 0 
7f19d89d2000-7f19d8b08000 rw-p 00000000 00:00 0 
7f19d8b08000-7f19d9000000 ---p 00000000 00:00 0 
7f19d9000000-7f19d9580000 rwxp 00000000 00:00 0 
7f19d9580000-7f19e8000000 ---p 00000000 00:00 0 
7f19e8000000-7f19e8a4d000 rw-p 00000000 00:00 0 
7f19e8a4d000-7f19ec000000 ---p 00000000 00:00 0 
7f19ec000000-7f19ec002000 r--s 00003000 08:01 4195576                    /home/amal/.m2/repository/org/apache/logging/log4j/log4j-to-slf4j/2.12.1/log4j-to-slf4j-2.12.1.jar
7f19ec002000-7f19ec00d000 r--s 00069000 08:01 4195575                    /home/amal/.m2/repository/ch/qos/logback/logback-core/1.2.3/logback-core-1.2.3.jar
7f19ec00d000-7f19ec013000 r--s 00041000 08:01 4195568                    /home/amal/.m2/repository/ch/qos/logback/logback-classic/1.2.3/logback-classic-1.2.3.jar
7f19ec013000-7f19ec089000 rw-p 00000000 00:00 0 
7f19ec089000-7f19ec08a000 ---p 00000000 00:00 0 
7f19ec08a000-7f19ec18a000 rw-p 00000000 00:00 0 
7f19ec18a000-7f19ec18b000 ---p 00000000 00:00 0 
7f19ec18b000-7f19ec2c1000 rw-p 00000000 00:00 0 
7f19ec2c1000-7f19ec7b8000 ---p 00000000 00:00 0 
7f19ec7b8000-7f19ec80c000 rw-p 00000000 00:00 0 
7f19ec80c000-7f19eca4f000 ---p 00000000 00:00 0 
7f19eca4f000-7f19eca66000 rw-p 00000000 00:00 0 
7f19eca66000-7f19ece10000 ---p 00000000 00:00 0 
7f19ece10000-7f19ece18000 r-xp 00000000 08:01 17045313                   /usr/lib/jvm/java-8-openjdk-amd64/jre/lib/amd64/libzip.so
7f19ece18000-7f19ed017000 ---p 00008000 08:01 17045313                   /usr/lib/jvm/java-8-openjdk-amd64/jre/lib/amd64/libzip.so
7f19ed017000-7f19ed018000 r--p 00007000 08:01 17045313                   /usr/lib/jvm/java-8-openjdk-amd64/jre/lib/amd64/libzip.so
7f19ed018000-7f19ed019000 rw-p 00008000 08:01 17045313                   /usr/lib/jvm/java-8-openjdk-amd64/jre/lib/amd64/libzip.so
7f19ed019000-7f19ed024000 r-xp 00000000 08:01 1053469                    /lib/x86_64-linux-gnu/libnss_files-2.27.so
7f19ed024000-7f19ed223000 ---p 0000b000 08:01 1053469                    /lib/x86_64-linux-gnu/libnss_files-2.27.so
7f19ed223000-7f19ed224000 r--p 0000a000 08:01 1053469                    /lib/x86_64-linux-gnu/libnss_files-2.27.so
7f19ed224000-7f19ed225000 rw-p 0000b000 08:01 1053469                    /lib/x86_64-linux-gnu/libnss_files-2.27.so
7f19ed225000-7f19ed22b000 rw-p 00000000 00:00 0 
7f19ed22b000-7f19ed242000 r-xp 00000000 08:01 1053463                    /lib/x86_64-linux-gnu/libnsl-2.27.so
7f19ed242000-7f19ed441000 ---p 00017000 08:01 1053463                    /lib/x86_64-linux-gnu/libnsl-2.27.so
7f19ed441000-7f19ed442000 r--p 00016000 08:01 1053463                    /lib/x86_64-linux-gnu/libnsl-2.27.so
7f19ed442000-7f19ed443000 rw-p 00017000 08:01 1053463                    /lib/x86_64-linux-gnu/libnsl-2.27.so
7f19ed443000-7f19ed445000 rw-p 00000000 00:00 0 
7f19ed445000-7f19ed450000 r-xp 00000000 08:01 1053480                    /lib/x86_64-linux-gnu/libnss_nis-2.27.so
7f19ed450000-7f19ed64f000 ---p 0000b000 08:01 1053480                    /lib/x86_64-linux-gnu/libnss_nis-2.27.so
7f19ed64f000-7f19ed650000 r--p 0000a000 08:01 1053480                    /lib/x86_64-linux-gnu/libnss_nis-2.27.so
7f19ed650000-7f19ed651000 rw-p 0000b000 08:01 1053480                    /lib/x86_64-linux-gnu/libnss_nis-2.27.so
7f19ed651000-7f19ed659000 r-xp 00000000 08:01 1053465                    /lib/x86_64-linux-gnu/libnss_compat-2.27.so
7f19ed659000-7f19ed859000 ---p 00008000 08:01 1053465                    /lib/x86_64-linux-gnu/libnss_compat-2.27.so
7f19ed859000-7f19ed85a000 r--p 00008000 08:01 1053465                    /lib/x86_64-linux-gnu/libnss_compat-2.27.so
7f19ed85a000-7f19ed85b000 rw-p 00009000 08:01 1053465                    /lib/x86_64-linux-gnu/libnss_compat-2.27.so
7f19ed85b000-7f19ed885000 r-xp 00000000 08:01 17043029                   /usr/lib/jvm/java-8-openjdk-amd64/jre/lib/amd64/libjava.so
7f19ed885000-7f19eda84000 ---p 0002a000 08:01 17043029                   /usr/lib/jvm/java-8-openjdk-amd64/jre/lib/amd64/libjava.so
7f19eda84000-7f19eda85000 r--p 00029000 08:01 17043029                   /usr/lib/jvm/java-8-openjdk-amd64/jre/lib/amd64/libjava.so
7f19eda85000-7f19eda87000 rw-p 0002a000 08:01 17043029                   /usr/lib/jvm/java-8-openjdk-amd64/jre/lib/amd64/libjava.so
7f19eda87000-7f19eda97000 r-xp 00000000 08:01 17045312                   /usr/lib/jvm/java-8-openjdk-amd64/jre/lib/amd64/libverify.so
7f19eda97000-7f19edc96000 ---p 00010000 08:01 17045312                   /usr/lib/jvm/java-8-openjdk-amd64/jre/lib/amd64/libverify.so
7f19edc96000-7f19edc98000 r--p 0000f000 08:01 17045312                   /usr/lib/jvm/java-8-openjdk-amd64/jre/lib/amd64/libverify.so
7f19edc98000-7f19edc99000 rw-p 00011000 08:01 17045312                   /usr/lib/jvm/java-8-openjdk-amd64/jre/lib/amd64/libverify.so
7f19edc99000-7f19edca0000 r-xp 00000000 08:01 1053520                    /lib/x86_64-linux-gnu/librt-2.27.so
7f19edca0000-7f19ede9f000 ---p 00007000 08:01 1053520                    /lib/x86_64-linux-gnu/librt-2.27.so
7f19ede9f000-7f19edea0000 r--p 00006000 08:01 1053520                    /lib/x86_64-linux-gnu/librt-2.27.so
7f19edea0000-7f19edea1000 rw-p 00007000 08:01 1053520                    /lib/x86_64-linux-gnu/librt-2.27.so
7f19edea1000-7f19edeb8000 r-xp 00000000 08:01 1048660                    /lib/x86_64-linux-gnu/libgcc_s.so.1
7f19edeb8000-7f19ee0b7000 ---p 00017000 08:01 1048660                    /lib/x86_64-linux-gnu/libgcc_s.so.1
7f19ee0b7000-7f19ee0b8000 r--p 00016000 08:01 1048660                    /lib/x86_64-linux-gnu/libgcc_s.so.1
7f19ee0b8000-7f19ee0b9000 rw-p 00017000 08:01 1048660                    /lib/x86_64-linux-gnu/libgcc_s.so.1
7f19ee0b9000-7f19ee256000 r-xp 00000000 08:01 1053442                    /lib/x86_64-linux-gnu/libm-2.27.so
7f19ee256000-7f19ee455000 ---p 0019d000 08:01 1053442                    /lib/x86_64-linux-gnu/libm-2.27.so
7f19ee455000-7f19ee456000 r--p 0019c000 08:01 1053442                    /lib/x86_64-linux-gnu/libm-2.27.so
7f19ee456000-7f19ee457000 rw-p 0019d000 08:01 1053442                    /lib/x86_64-linux-gnu/libm-2.27.so
7f19ee457000-7f19ee5d0000 r-xp 00000000 08:01 17042270                   /usr/lib/x86_64-linux-gnu/libstdc++.so.6.0.25
7f19ee5d0000-7f19ee7d0000 ---p 00179000 08:01 17042270                   /usr/lib/x86_64-linux-gnu/libstdc++.so.6.0.25
7f19ee7d0000-7f19ee7da000 r--p 00179000 08:01 17042270                   /usr/lib/x86_64-linux-gnu/libstdc++.so.6.0.25
7f19ee7da000-7f19ee7dc000 rw-p 00183000 08:01 17042270                   /usr/lib/x86_64-linux-gnu/libstdc++.so.6.0.25
7f19ee7dc000-7f19ee7e0000 rw-p 00000000 00:00 0 
7f19ee7e0000-7f19ef47f000 r-xp 00000000 08:01 17045315                   /usr/lib/jvm/java-8-openjdk-amd64/jre/lib/amd64/server/libjvm.so
7f19ef47f000-7f19ef67f000 ---p 00c9f000 08:01 17045315                   /usr/lib/jvm/java-8-openjdk-amd64/jre/lib/amd64/server/libjvm.so
7f19ef67f000-7f19ef713000 r--p 00c9f000 08:01 17045315                   /usr/lib/jvm/java-8-openjdk-amd64/jre/lib/amd64/server/libjvm.so
7f19ef713000-7f19ef73c000 rw-p 00d33000 08:01 17045315                   /usr/lib/jvm/java-8-openjdk-amd64/jre/lib/amd64/server/libjvm.so
7f19ef73c000-7f19ef76c000 rw-p 00000000 00:00 0 
7f19ef76c000-7f19ef786000 r-xp 00000000 08:01 1053512                    /lib/x86_64-linux-gnu/libpthread-2.27.so
7f19ef786000-7f19ef985000 ---p 0001a000 08:01 1053512                    /lib/x86_64-linux-gnu/libpthread-2.27.so
7f19ef985000-7f19ef986000 r--p 00019000 08:01 1053512                    /lib/x86_64-linux-gnu/libpthread-2.27.so
7f19ef986000-7f19ef987000 rw-p 0001a000 08:01 1053512                    /lib/x86_64-linux-gnu/libpthread-2.27.so
7f19ef987000-7f19ef98b000 rw-p 00000000 00:00 0 
7f19ef98b000-7f19ef98e000 r-xp 00000000 08:01 1053402                    /lib/x86_64-linux-gnu/libdl-2.27.so
7f19ef98e000-7f19efb8d000 ---p 00003000 08:01 1053402                    /lib/x86_64-linux-gnu/libdl-2.27.so
7f19efb8d000-7f19efb8e000 r--p 00002000 08:01 1053402                    /lib/x86_64-linux-gnu/libdl-2.27.so
7f19efb8e000-7f19efb8f000 rw-p 00003000 08:01 1053402                    /lib/x86_64-linux-gnu/libdl-2.27.so
7f19efb8f000-7f19efbab000 r-xp 00000000 08:01 1053551                    /lib/x86_64-linux-gnu/libz.so.1.2.11
7f19efbab000-7f19efdaa000 ---p 0001c000 08:01 1053551                    /lib/x86_64-linux-gnu/libz.so.1.2.11
7f19efdaa000-7f19efdab000 r--p 0001b000 08:01 1053551                    /lib/x86_64-linux-gnu/libz.so.1.2.11
7f19efdab000-7f19efdac000 rw-p 0001c000 08:01 1053551                    /lib/x86_64-linux-gnu/libz.so.1.2.11
7f19efdac000-7f19eff93000 r-xp 00000000 08:01 1053379                    /lib/x86_64-linux-gnu/libc-2.27.so
7f19eff93000-7f19f0193000 ---p 001e7000 08:01 1053379                    /lib/x86_64-linux-gnu/libc-2.27.so
7f19f0193000-7f19f0197000 r--p 001e7000 08:01 1053379                    /lib/x86_64-linux-gnu/libc-2.27.so
7f19f0197000-7f19f0199000 rw-p 001eb000 08:01 1053379                    /lib/x86_64-linux-gnu/libc-2.27.so
7f19f0199000-7f19f019d000 rw-p 00000000 00:00 0 
7f19f019d000-7f19f01ab000 r-xp 00000000 08:01 17043015                   /usr/lib/jvm/java-8-openjdk-amd64/jre/lib/amd64/jli/libjli.so
7f19f01ab000-7f19f03aa000 ---p 0000e000 08:01 17043015                   /usr/lib/jvm/java-8-openjdk-amd64/jre/lib/amd64/jli/libjli.so
7f19f03aa000-7f19f03ab000 r--p 0000d000 08:01 17043015                   /usr/lib/jvm/java-8-openjdk-amd64/jre/lib/amd64/jli/libjli.so
7f19f03ab000-7f19f03ac000 rw-p 0000e000 08:01 17043015                   /usr/lib/jvm/java-8-openjdk-amd64/jre/lib/amd64/jli/libjli.so
7f19f03ac000-7f19f03d3000 r-xp 00000000 08:01 1053351                    /lib/x86_64-linux-gnu/ld-2.27.so
7f19f03d3000-7f19f03d4000 r--s 00000000 08:01 4195587                    /home/amal/.m2/repository/org/springframework/boot/spring-boot-starter-json/2.2.2.RELEASE/spring-boot-starter-json-2.2.2.RELEASE.jar
7f19f03d4000-7f19f03d5000 r--s 00000000 08:01 4195570                    /home/amal/.m2/repository/org/springframework/boot/spring-boot-starter-logging/2.2.2.RELEASE/spring-boot-starter-logging-2.2.2.RELEASE.jar
7f19f03d5000-7f19f03d6000 r--s 00000000 08:01 4195566                    /home/amal/.m2/repository/org/springframework/boot/spring-boot-starter/2.2.2.RELEASE/spring-boot-starter-2.2.2.RELEASE.jar
7f19f03d6000-7f19f03d7000 r--s 00000000 08:01 4195572                    /home/amal/.m2/repository/org/springframework/boot/spring-boot-starter-web/2.2.2.RELEASE/spring-boot-starter-web-2.2.2.RELEASE.jar
7f19f03d7000-7f19f03d9000 r--s 00001000 08:01 17045395                   /usr/lib/jvm/java-8-openjdk-amd64/jre/lib/ext/dnsns.jar
7f19f03d9000-7f19f03da000 r--s 0000d000 08:01 17046001                   /usr/lib/jvm/java-8-openjdk-amd64/jre/lib/ext/sunec.jar
7f19f03da000-7f19f03df000 r--s 0003c000 08:01 17046002                   /usr/lib/jvm/java-8-openjdk-amd64/jre/lib/ext/sunjce_provider.jar
7f19f03df000-7f19f03e0000 r--s 0000a000 08:01 17045397                   /usr/lib/jvm/java-8-openjdk-amd64/jre/lib/ext/jaccess.jar
7f19f03e0000-7f19f03ea000 r--s 00116000 08:01 17045398                   /usr/lib/jvm/java-8-openjdk-amd64/jre/lib/ext/localedata.jar
7f19f03ea000-7f19f04bb000 rw-p 00000000 00:00 0 
7f19f04bb000-7f19f04bc000 ---p 00000000 00:00 0 
7f19f04bc000-7f19f04bf000 ---p 00000000 00:00 0 
7f19f04bf000-7f19f05be000 rw-p 00000000 00:00 0 
7f19f05be000-7f19f05c1000 r--s 0000f000 08:01 17045396                   /usr/lib/jvm/java-8-openjdk-amd64/jre/lib/ext/icedtea-sound.jar
7f19f05c1000-7f19f05c3000 r--s 00007000 08:01 17433695                   /usr/share/java/java-atk-wrapper.jar
7f19f05c3000-7f19f05c6000 r--s 00039000 08:01 17046003                   /usr/lib/jvm/java-8-openjdk-amd64/jre/lib/ext/sunpkcs11.jar
7f19f05c6000-7f19f05c7000 r--s 00010000 08:01 17046004                   /usr/lib/jvm/java-8-openjdk-amd64/jre/lib/ext/zipfs.jar
7f19f05c7000-7f19f05cf000 rw-s 00000000 08:01 13240673                   /tmp/hsperfdata_amal/21392
7f19f05cf000-7f19f05d0000 rw-p 00000000 00:00 0 
7f19f05d0000-7f19f05d1000 ---p 00000000 00:00 0 
7f19f05d1000-7f19f05d3000 rw-p 00000000 00:00 0 
7f19f05d3000-7f19f05d4000 r--p 00027000 08:01 1053351                    /lib/x86_64-linux-gnu/ld-2.27.so
7f19f05d4000-7f19f05d5000 rw-p 00028000 08:01 1053351                    /lib/x86_64-linux-gnu/ld-2.27.so
7f19f05d5000-7f19f05d6000 rw-p 00000000 00:00 0 
7ffe9fdef000-7ffe9fe12000 rw-p 00000000 00:00 0                          [stack]
7ffe9ff6b000-7ffe9ff6e000 r--p 00000000 00:00 0                          [vvar]
7ffe9ff6e000-7ffe9ff6f000 r-xp 00000000 00:00 0                          [vdso]
ffffffffff600000-ffffffffff601000 r-xp 00000000 00:00 0                  [vsyscall]

VM Arguments:
jvm_args: -Xverify:none -XX:TieredStopAtLevel=1 
java_command: fr.insa.laas.Avatar.AvatarApplication --server.port=30026
java_class_path (initial): /home/amal/MyWork/Avatar/target/classes:/home/amal/.m2/repository/org/springframework/boot/spring-boot-starter-web/2.2.2.RELEASE/spring-boot-starter-web-2.2.2.RELEASE.jar:/home/amal/.m2/repository/org/springframework/boot/spring-boot-starter/2.2.2.RELEASE/spring-boot-starter-2.2.2.RELEASE.jar:/home/amal/.m2/repository/org/springframework/boot/spring-boot/2.2.2.RELEASE/spring-boot-2.2.2.RELEASE.jar:/home/amal/.m2/repository/org/springframework/boot/spring-boot-autoconfigure/2.2.2.RELEASE/spring-boot-autoconfigure-2.2.2.RELEASE.jar:/home/amal/.m2/repository/org/springframework/boot/spring-boot-starter-logging/2.2.2.RELEASE/spring-boot-starter-logging-2.2.2.RELEASE.jar:/home/amal/.m2/repository/ch/qos/logback/logback-classic/1.2.3/logback-classic-1.2.3.jar:/home/amal/.m2/repository/ch/qos/logback/logback-core/1.2.3/logback-core-1.2.3.jar:/home/amal/.m2/repository/org/apache/logging/log4j/log4j-to-slf4j/2.12.1/log4j-to-slf4j-2.12.1.jar:/home/amal/.m2/repository/org/apache/logging/log4j/log4j-api/2.12.1/log4j-api-2.12.1.jar:/home/amal/.m2/repository/org/slf4j/jul-to-slf4j/1.7.29/jul-to-slf4j-1.7.29.jar:/home/amal/.m2/repository/jakarta/annotation/jakarta.annotation-api/1.3.5/jakarta.annotation-api-1.3.5.jar:/home/amal/.m2/repository/org/yaml/snakeyaml/1.25/snakeyaml-1.25.jar:/home/amal/.m2/repository/org/springframework/boot/spring-boot-starter-json/2.2.2.RELEASE/spring-boot-starter-json-2.2.2.RELEASE.jar:/home/amal/.m2/repository/com/fasterxml/jackson/core/jackson-databind/2.10.1/jackson-databind-2.10.1.jar:/home/amal/.m2/repository/com/fasterxml/jackson/core/jackson-annotations/2.10.1/jackson-annotations-2.10.1.jar:/home/amal/.m2/repository/com/fasterxml/jackson/core/jackson-core/2.10.1/jackson-core-2.10.1.jar:/home/amal/.m2/repository/com/fasterxml/jackson/datatype/jackson-datatype-jdk8/2.10.1/jackson-datatype-jdk8-2.10.1.jar:/home/amal/.m2/repository/com/fasterxml/jackson/datatype/jackson-datatype-jsr310/2.10.1/jackson-datatype-jsr310-2.1
Launcher Type: SUN_STANDARD

Environment Variables:
PATH=/usr/local/sbin:/usr/local/bin:/usr/sbin:/usr/bin:/sbin:/bin:/usr/games:/usr/local/games:/snap/bin
USERNAME=amal
SHELL=/bin/bash
DISPLAY=:0

Signal Handlers:
SIGSEGV: [libjvm.so+0xab92f0], sa_mask[0]=11111111011111111101111111111110, sa_flags=SA_RESTART|SA_SIGINFO
SIGBUS: [libjvm.so+0xab92f0], sa_mask[0]=11111111011111111101111111111110, sa_flags=SA_RESTART|SA_SIGINFO
SIGFPE: [libjvm.so+0x8ee560], sa_mask[0]=11111111011111111101111111111110, sa_flags=SA_RESTART|SA_SIGINFO
SIGPIPE: [libjvm.so+0x8ee560], sa_mask[0]=11111111011111111101111111111110, sa_flags=SA_RESTART|SA_SIGINFO
SIGXFSZ: [libjvm.so+0x8ee560], sa_mask[0]=11111111011111111101111111111110, sa_flags=SA_RESTART|SA_SIGINFO
SIGILL: [libjvm.so+0x8ee560], sa_mask[0]=11111111011111111101111111111110, sa_flags=SA_RESTART|SA_SIGINFO
SIGUSR1: SIG_DFL, sa_mask[0]=00000000000000000000000000000000, sa_flags=none
SIGUSR2: [libjvm.so+0x8ee410], sa_mask[0]=00100000000000000000000000000000, sa_flags=SA_RESTART|SA_SIGINFO
SIGHUP: [libjvm.so+0x8eea80], sa_mask[0]=11111111011111111101111111111110, sa_flags=SA_RESTART|SA_SIGINFO
SIGINT: [libjvm.so+0x8eea80], sa_mask[0]=11111111011111111101111111111110, sa_flags=SA_RESTART|SA_SIGINFO
SIGTERM: [libjvm.so+0x8eea80], sa_mask[0]=11111111011111111101111111111110, sa_flags=SA_RESTART|SA_SIGINFO
SIGQUIT: [libjvm.so+0x8eea80], sa_mask[0]=11111111011111111101111111111110, sa_flags=SA_RESTART|SA_SIGINFO


---------------  S Y S T E M  ---------------

OS:DISTRIB_ID=Ubuntu
DISTRIB_RELEASE=18.04
DISTRIB_CODENAME=bionic
DISTRIB_DESCRIPTION="Ubuntu 18.04.3 LTS"

uname:Linux 5.0.0-31-generic #33~18.04.1-Ubuntu SMP Tue Oct 1 10:20:39 UTC 2019 x86_64
libc:glibc 2.27 NPTL 2.27 
rlimit: STACK 8192k, CORE 0k, NPROC 63418, NOFILE 4096, AS infinity
load average:153,72 126,21 60,11

/proc/meminfo:
MemTotal:       16282916 kB
MemFree:          148540 kB
MemAvailable:      81116 kB
Buffers:            5372 kB
Cached:           317004 kB
SwapCached:       164936 kB
Active:         14267640 kB
Inactive:        1416692 kB
Active(anon):   14199236 kB
Inactive(anon):  1342352 kB
Active(file):      68404 kB
Inactive(file):    74340 kB
Unevictable:        5400 kB
Mlocked:              16 kB
SwapTotal:       2097148 kB
SwapFree:         196540 kB
Dirty:              2484 kB
Writeback:           276 kB
AnonPages:      15204280 kB
Mapped:           262460 kB
Shmem:            179568 kB
KReclaimable:      60756 kB
Slab:             197012 kB
SReclaimable:      60756 kB
SUnreclaim:       136256 kB
KernelStack:       42256 kB
PageTables:       112968 kB
NFS_Unstable:          0 kB
Bounce:                0 kB
WritebackTmp:          0 kB
CommitLimit:    10238604 kB
Committed_AS:   51691924 kB
VmallocTotal:   34359738367 kB
VmallocUsed:           0 kB
VmallocChunk:          0 kB
Percpu:             4960 kB
HardwareCorrupted:     0 kB
AnonHugePages:         0 kB
ShmemHugePages:        0 kB
ShmemPmdMapped:        0 kB
CmaTotal:              0 kB
CmaFree:               0 kB
HugePages_Total:       0
HugePages_Free:        0
HugePages_Rsvd:        0
HugePages_Surp:        0
Hugepagesize:       2048 kB
Hugetlb:               0 kB
DirectMap4k:      300996 kB
DirectMap2M:    16336896 kB

container (cgroup) information:
container_type: cgroupv1
cpu_cpuset_cpus: 0-3
cpu_memory_nodes: 0
active_processor_count: 4
cpu_quota: -1
cpu_period: 100000
cpu_shares: -1
memory_limit_in_bytes: -1
memory_and_swap_limit_in_bytes: -2
memory_soft_limit_in_bytes: -1
memory_usage_in_bytes: 16089235456
memory_max_usage_in_bytes: 16133365760


CPU:total 4 (initial active 4) (2 cores per cpu, 2 threads per core) family 6 model 58 stepping 9, cmov, cx8, fxsr, mmx, sse, sse2, sse3, ssse3, sse4.1, sse4.2, popcnt, avx, aes, clmul, erms, ht, tsc, tscinvbit, tscinv

/proc/cpuinfo:
processor	: 0
vendor_id	: GenuineIntel
cpu family	: 6
model		: 58
model name	: Intel(R) Core(TM) i5-3437U CPU @ 1.90GHz
stepping	: 9
microcode	: 0x21
cpu MHz		: 2693.615
cache size	: 3072 KB
physical id	: 0
siblings	: 4
core id		: 0
cpu cores	: 2
apicid		: 0
initial apicid	: 0
fpu		: yes
fpu_exception	: yes
cpuid level	: 13
wp		: yes
flags		: fpu vme de pse tsc msr pae mce cx8 apic sep mtrr pge mca cmov pat pse36 clflush dts acpi mmx fxsr sse sse2 ss ht tm pbe syscall nx rdtscp lm constant_tsc arch_perfmon pebs bts rep_good nopl xtopology nonstop_tsc cpuid aperfmperf pni pclmulqdq dtes64 monitor ds_cpl vmx smx est tm2 ssse3 cx16 xtpr pdcm pcid sse4_1 sse4_2 x2apic popcnt tsc_deadline_timer aes xsave avx f16c rdrand lahf_lm cpuid_fault epb pti ssbd ibrs ibpb stibp tpr_shadow vnmi flexpriority ept vpid fsgsbase smep erms xsaveopt dtherm ida arat pln pts md_clear flush_l1d
bugs		: cpu_meltdown spectre_v1 spectre_v2 spec_store_bypass l1tf mds swapgs
bogomips	: 4788.64
clflush size	: 64
cache_alignment	: 64
address sizes	: 36 bits physical, 48 bits virtual
power management:

processor	: 1
vendor_id	: GenuineIntel
cpu family	: 6
model		: 58
model name	: Intel(R) Core(TM) i5-3437U CPU @ 1.90GHz
stepping	: 9
microcode	: 0x21
cpu MHz		: 2693.611
cache size	: 3072 KB
physical id	: 0
siblings	: 4
core id		: 0
cpu cores	: 2
apicid		: 1
initial apicid	: 1
fpu		: yes
fpu_exception	: yes
cpuid level	: 13
wp		: yes
flags		: fpu vme de pse tsc msr pae mce cx8 apic sep mtrr pge mca cmov pat pse36 clflush dts acpi mmx fxsr sse sse2 ss ht tm pbe syscall nx rdtscp lm constant_tsc arch_perfmon pebs bts rep_good nopl xtopology nonstop_tsc cpuid aperfmperf pni pclmulqdq dtes64 monitor ds_cpl vmx smx est tm2 ssse3 cx16 xtpr pdcm pcid sse4_1 sse4_2 x2apic popcnt tsc_deadline_timer aes xsave avx f16c rdrand lahf_lm cpuid_fault epb pti ssbd ibrs ibpb stibp tpr_shadow vnmi flexpriority ept vpid fsgsbase smep erms xsaveopt dtherm ida arat pln pts md_clear flush_l1d
bugs		: cpu_meltdown spectre_v1 spectre_v2 spec_store_bypass l1tf mds swapgs
bogomips	: 4788.64
clflush size	: 64
cache_alignment	: 64
address sizes	: 36 bits physical, 48 bits virtual
power management:

processor	: 2
vendor_id	: GenuineIntel
cpu family	: 6
model		: 58
model name	: Intel(R) Core(TM) i5-3437U CPU @ 1.90GHz
stepping	: 9
microcode	: 0x21
cpu MHz		: 2693.613
cache size	: 3072 KB
physical id	: 0
siblings	: 4
core id		: 1
cpu cores	: 2
apicid		: 2
initial apicid	: 2
fpu		: yes
fpu_exception	: yes
cpuid level	: 13
wp		: yes
flags		: fpu vme de pse tsc msr pae mce cx8 apic sep mtrr pge mca cmov pat pse36 clflush dts acpi mmx fxsr sse sse2 ss ht tm pbe syscall nx rdtscp lm constant_tsc arch_perfmon pebs bts rep_good nopl xtopology nonstop_tsc cpuid aperfmperf pni pclmulqdq dtes64 monitor ds_cpl vmx smx est tm2 ssse3 cx16 xtpr pdcm pcid sse4_1 sse4_2 x2apic popcnt tsc_deadline_timer aes xsave avx f16c rdrand lahf_lm cpuid_fault epb pti ssbd ibrs ibpb stibp tpr_shadow vnmi flexpriority ept vpid fsgsbase smep erms xsaveopt dtherm ida arat pln pts md_clear flush_l1d
bugs		: cpu_meltdown spectre_v1 spectre_v2 spec_store_bypass l1tf mds swapgs
bogomips	: 4788.64
clflush size	: 64
cache_alignment	: 64
address sizes	: 36 bits physical, 48 bits virtual
power management:

processor	: 3
vendor_id	: GenuineIntel
cpu family	: 6
model		: 58
model name	: Intel(R) Core(TM) i5-3437U CPU @ 1.90GHz
stepping	: 9
microcode	: 0x21
cpu MHz		: 2693.614
cache size	: 3072 KB
physical id	: 0
siblings	: 4
core id		: 1
cpu cores	: 2
apicid		: 3
initial apicid	: 3
fpu		: yes
fpu_exception	: yes
cpuid level	: 13
wp		: yes
flags		: fpu vme de pse tsc msr pae mce cx8 apic sep mtrr pge mca cmov pat pse36 clflush dts acpi mmx fxsr sse sse2 ss ht tm pbe syscall nx rdtscp lm constant_tsc arch_perfmon pebs bts rep_good nopl xtopology nonstop_tsc cpuid aperfmperf pni pclmulqdq dtes64 monitor ds_cpl vmx smx est tm2 ssse3 cx16 xtpr pdcm pcid sse4_1 sse4_2 x2apic popcnt tsc_deadline_timer aes xsave avx f16c rdrand lahf_lm cpuid_fault epb pti ssbd ibrs ibpb stibp tpr_shadow vnmi flexpriority ept vpid fsgsbase smep erms xsaveopt dtherm ida arat pln pts md_clear flush_l1d
bugs		: cpu_meltdown spectre_v1 spectre_v2 spec_store_bypass l1tf mds swapgs
bogomips	: 4788.64
clflush size	: 64
cache_alignment	: 64
address sizes	: 36 bits physical, 48 bits virtual
power management:



Memory: 4k page, physical 16282916k(148540k free), swap 2097148k(196540k free)

vm_info: OpenJDK 64-Bit Server VM (25.222-b10) for linux-amd64 JRE (1.8.0_222-8u222-b10-1ubuntu1~18.04.1-b10), built on Jul 18 2019 18:52:48 by "buildd" with gcc 7.4.0

time: Sun Jun  7 19:39:40 2020
timezone: CEST
elapsed time: 422 seconds (0d 0h 7m 2s)

